<?xml version="1.0" encoding="UTF-8"?>
<robot generator="Robot 7.4.2 (Python 3.11.9 on win32)" generated="2026-04-27T10:48:02.775896" rpa="false" schemaversion="5">
<suite id="s1" name="Login Test" source="C:\Users\Avinash Aade\Desktop\robot_framework_project\tests\login_test.robot">
<test id="s1-t1" name="Valid Login Test" line="6">
<kw name="Open Login Page" owner="login_keywords">
<kw name="Open Browser" owner="SeleniumLibrary">
<msg time="2026-04-27T10:48:02.938507" level="INFO">Opening browser 'chrome' to base url 'https://the-internet.herokuapp.com/login'.</msg>
<arg>https://the-internet.herokuapp.com/login</arg>
<arg>chrome</arg>
<doc>Opens a new browser instance to the optional ``url``.</doc>
<status status="PASS" start="2026-04-27T10:48:02.938507" elapsed="4.073855"/>
</kw>
<kw name="Maximize Browser Window" owner="SeleniumLibrary">
<doc>Maximizes current browser window.</doc>
<status status="PASS" start="2026-04-27T10:48:07.012906" elapsed="0.031669"/>
</kw>
<status status="PASS" start="2026-04-27T10:48:02.937531" elapsed="4.107044"/>
</kw>
<kw name="Enter Username" owner="login_keywords">
<kw name="Input Text" owner="SeleniumLibrary">
<msg time="2026-04-27T10:48:07.067759" level="INFO">Typing text 'tomsmith' into text field 'id=username'.</msg>
<arg>${USERNAME_FIELD}</arg>
<arg>${username}</arg>
<doc>Types the given ``text`` into the text field identified by ``locator``.</doc>
<status status="PASS" start="2026-04-27T10:48:07.045574" elapsed="0.240795"/>
</kw>
<arg>${USERNAME}</arg>
<status status="PASS" start="2026-04-27T10:48:07.045574" elapsed="0.242183"/>
</kw>
<kw name="Enter Password" owner="login_keywords">
<kw name="Input Text" owner="SeleniumLibrary">
<msg time="2026-04-27T10:48:07.290625" level="INFO">Typing text 'SuperSecretPassword!' into text field 'id=password'.</msg>
<arg>${PASSWORD_FIELD}</arg>
<arg>${password}</arg>
<doc>Types the given ``text`` into the text field identified by ``locator``.</doc>
<status status="PASS" start="2026-04-27T10:48:07.289808" elapsed="0.119600"/>
</kw>
<arg>${PASSWORD}</arg>
<status status="PASS" start="2026-04-27T10:48:07.287757" elapsed="0.121651"/>
</kw>
<kw name="Click Login Button" owner="login_keywords">
<kw name="Click Button" owner="SeleniumLibrary">
<msg time="2026-04-27T10:48:07.410935" level="INFO">Clicking button 'css=button[type="submit"]'.</msg>
<arg>${LOGIN_BUTTON}</arg>
<doc>Clicks the button identified by ``locator``.</doc>
<status status="PASS" start="2026-04-27T10:48:07.410935" elapsed="0.578195"/>
</kw>
<status status="PASS" start="2026-04-27T10:48:07.409408" elapsed="0.580837"/>
</kw>
<kw name="Verify Login Success" owner="login_keywords">
<kw name="Wait Until Element Is Visible" owner="SeleniumLibrary">
<arg>${SUCCESS_MESSAGE}</arg>
<arg>10s</arg>
<doc>Waits until the element ``locator`` is visible.</doc>
<status status="PASS" start="2026-04-27T10:48:07.991255" elapsed="0.029933"/>
</kw>
<kw name="Element Should Contain" owner="SeleniumLibrary">
<msg time="2026-04-27T10:48:08.054151" level="INFO">Element 'xpath=//div[contains(@class,'success')]' contains text 'You logged into a secure area!'.</msg>
<arg>${SUCCESS_MESSAGE}</arg>
<arg>You logged into a secure area!</arg>
<doc>Verifies that element ``locator`` contains text ``expected``.</doc>
<status status="PASS" start="2026-04-27T10:48:08.021188" elapsed="0.032963"/>
</kw>
<status status="PASS" start="2026-04-27T10:48:07.990245" elapsed="0.063906"/>
</kw>
<kw name="Close Browser Session" owner="login_keywords">
<kw name="Close All Browsers" owner="SeleniumLibrary">
<doc>Closes all open browsers and resets the browser cache.</doc>
<status status="PASS" start="2026-04-27T10:48:08.055139" elapsed="2.164633"/>
</kw>
<status status="PASS" start="2026-04-27T10:48:08.055139" elapsed="2.165514"/>
</kw>
<status status="PASS" start="2026-04-27T10:48:02.936421" elapsed="7.284232"/>
</test>
<test id="s1-t2" name="Invalid Login Test" line="15">
<kw name="Open Login Page" owner="login_keywords">
<kw name="Open Browser" owner="SeleniumLibrary">
<msg time="2026-04-27T10:48:10.224634" level="INFO">Opening browser 'chrome' to base url 'https://the-internet.herokuapp.com/login'.</msg>
<arg>https://the-internet.herokuapp.com/login</arg>
<arg>chrome</arg>
<doc>Opens a new browser instance to the optional ``url``.</doc>
<status status="PASS" start="2026-04-27T10:48:10.224634" elapsed="4.106021"/>
</kw>
<kw name="Maximize Browser Window" owner="SeleniumLibrary">
<doc>Maximizes current browser window.</doc>
<status status="PASS" start="2026-04-27T10:48:14.331670" elapsed="0.031306"/>
</kw>
<status status="PASS" start="2026-04-27T10:48:10.223642" elapsed="4.139334"/>
</kw>
<kw name="Enter Username" owner="login_keywords">
<kw name="Input Text" owner="SeleniumLibrary">
<msg time="2026-04-27T10:48:14.363980" level="INFO">Typing text 'wrong' into text field 'id=username'.</msg>
<arg>${USERNAME_FIELD}</arg>
<arg>${username}</arg>
<doc>Types the given ``text`` into the text field identified by ``locator``.</doc>
<status status="PASS" start="2026-04-27T10:48:14.363980" elapsed="0.113924"/>
</kw>
<arg>wrong</arg>
<status status="PASS" start="2026-04-27T10:48:14.362976" elapsed="0.114928"/>
</kw>
<kw name="Enter Password" owner="login_keywords">
<kw name="Input Text" owner="SeleniumLibrary">
<msg time="2026-04-27T10:48:14.479453" level="INFO">Typing text 'wrong' into text field 'id=password'.</msg>
<arg>${PASSWORD_FIELD}</arg>
<arg>${password}</arg>
<doc>Types the given ``text`` into the text field identified by ``locator``.</doc>
<status status="PASS" start="2026-04-27T10:48:14.479453" elapsed="0.072900"/>
</kw>
<arg>wrong</arg>
<status status="PASS" start="2026-04-27T10:48:14.478415" elapsed="0.073938"/>
</kw>
<kw name="Click Login Button" owner="login_keywords">
<kw name="Click Button" owner="SeleniumLibrary">
<msg time="2026-04-27T10:48:14.552353" level="INFO">Clicking button 'css=button[type="submit"]'.</msg>
<arg>${LOGIN_BUTTON}</arg>
<doc>Clicks the button identified by ``locator``.</doc>
<status status="PASS" start="2026-04-27T10:48:14.552353" elapsed="0.081943"/>
</kw>
<status status="PASS" start="2026-04-27T10:48:14.552353" elapsed="0.082942"/>
</kw>
<kw name="Verify Error Message" owner="login_keywords">
<kw name="Wait Until Element Is Visible" owner="SeleniumLibrary">
<arg>${ERROR_MESSAGE}</arg>
<arg>10s</arg>
<doc>Waits until the element ``locator`` is visible.</doc>
<status status="PASS" start="2026-04-27T10:48:14.635295" elapsed="0.739541"/>
</kw>
<kw name="Element Should Contain" owner="SeleniumLibrary">
<msg time="2026-04-27T10:48:15.398465" level="INFO">Element 'xpath=//div[contains(@class,'flash error')]' contains text 'Your username is invalid!'.</msg>
<arg>${ERROR_MESSAGE}</arg>
<arg>Your username is invalid!</arg>
<doc>Verifies that element ``locator`` contains text ``expected``.</doc>
<status status="PASS" start="2026-04-27T10:48:15.374836" elapsed="0.023629"/>
</kw>
<status status="PASS" start="2026-04-27T10:48:14.635295" elapsed="0.763170"/>
</kw>
<kw name="Close Browser Session" owner="login_keywords">
<kw name="Close All Browsers" owner="SeleniumLibrary">
<doc>Closes all open browsers and resets the browser cache.</doc>
<status status="PASS" start="2026-04-27T10:48:15.399496" elapsed="2.134400"/>
</kw>
<status status="PASS" start="2026-04-27T10:48:15.399496" elapsed="2.135403"/>
</kw>
<status status="PASS" start="2026-04-27T10:48:10.222648" elapsed="7.312251"/>
</test>
<test id="s1-t3" name="Invalid Password Valid Username Test" line="23">
<kw name="Open Login Page" owner="login_keywords">
<kw name="Open Browser" owner="SeleniumLibrary">
<msg time="2026-04-27T10:48:17.538852" level="INFO">Opening browser 'chrome' to base url 'https://the-internet.herokuapp.com/login'.</msg>
<arg>https://the-internet.herokuapp.com/login</arg>
<arg>chrome</arg>
<doc>Opens a new browser instance to the optional ``url``.</doc>
<status status="PASS" start="2026-04-27T10:48:17.537840" elapsed="4.094116"/>
</kw>
<kw name="Maximize Browser Window" owner="SeleniumLibrary">
<doc>Maximizes current browser window.</doc>
<status status="PASS" start="2026-04-27T10:48:21.631956" elapsed="0.030920"/>
</kw>
<status status="PASS" start="2026-04-27T10:48:17.537840" elapsed="4.125036"/>
</kw>
<kw name="Enter Username" owner="login_keywords">
<kw name="Input Text" owner="SeleniumLibrary">
<msg time="2026-04-27T10:48:21.663880" level="INFO">Typing text 'tomsmith' into text field 'id=username'.</msg>
<arg>${USERNAME_FIELD}</arg>
<arg>${username}</arg>
<doc>Types the given ``text`` into the text field identified by ``locator``.</doc>
<status status="PASS" start="2026-04-27T10:48:21.663880" elapsed="0.140571"/>
</kw>
<arg>${USERNAME}</arg>
<status status="PASS" start="2026-04-27T10:48:21.663880" elapsed="0.140571"/>
</kw>
<kw name="Enter Password" owner="login_keywords">
<kw name="Input Text" owner="SeleniumLibrary">
<msg time="2026-04-27T10:48:21.805652" level="INFO">Typing text 'invalidpassword' into text field 'id=password'.</msg>
<arg>${PASSWORD_FIELD}</arg>
<arg>${password}</arg>
<doc>Types the given ``text`` into the text field identified by ``locator``.</doc>
<status status="PASS" start="2026-04-27T10:48:21.805652" elapsed="0.075741"/>
</kw>
<arg>invalidpassword</arg>
<status status="PASS" start="2026-04-27T10:48:21.804451" elapsed="0.076942"/>
</kw>
<kw name="Click Login Button" owner="login_keywords">
<kw name="Click Button" owner="SeleniumLibrary">
<msg time="2026-04-27T10:48:21.882395" level="INFO">Clicking button 'css=button[type="submit"]'.</msg>
<arg>${LOGIN_BUTTON}</arg>
<doc>Clicks the button identified by ``locator``.</doc>
<status status="PASS" start="2026-04-27T10:48:21.882395" elapsed="0.084270"/>
</kw>
<status status="PASS" start="2026-04-27T10:48:21.882395" elapsed="0.084270"/>
</kw>
<kw name="Verify Invalid Password Error" owner="login_keywords">
<kw name="Wait Until Element Is Visible" owner="SeleniumLibrary">
<arg>${ERROR_MESSAGE}</arg>
<arg>10s</arg>
<doc>Waits until the element ``locator`` is visible.</doc>
<status status="PASS" start="2026-04-27T10:48:21.967689" elapsed="0.738805"/>
</kw>
<kw name="Element Should Contain" owner="SeleniumLibrary">
<msg time="2026-04-27T10:48:22.732313" level="INFO">Element 'xpath=//div[contains(@class,'flash error')]' contains text 'Your password is invalid!'.</msg>
<arg>${ERROR_MESSAGE}</arg>
<arg>Your password is invalid!</arg>
<doc>Verifies that element ``locator`` contains text ``expected``.</doc>
<status status="PASS" start="2026-04-27T10:48:22.706494" elapsed="0.026920"/>
</kw>
<status status="PASS" start="2026-04-27T10:48:21.967689" elapsed="0.765725"/>
</kw>
<kw name="Close Browser Session" owner="login_keywords">
<kw name="Close All Browsers" owner="SeleniumLibrary">
<doc>Closes all open browsers and resets the browser cache.</doc>
<status status="PASS" start="2026-04-27T10:48:22.733414" elapsed="2.163592"/>
</kw>
<status status="PASS" start="2026-04-27T10:48:22.733414" elapsed="2.163592"/>
</kw>
<status status="PASS" start="2026-04-27T10:48:17.535898" elapsed="7.362563"/>
</test>
<test id="s1-t4" name="Valid Password Invalid Username Test" line="31">
<kw name="Open Login Page" owner="login_keywords">
<kw name="Open Browser" owner="SeleniumLibrary">
<msg time="2026-04-27T10:48:24.900804" level="INFO">Opening browser 'chrome' to base url 'https://the-internet.herokuapp.com/login'.</msg>
<arg>https://the-internet.herokuapp.com/login</arg>
<arg>chrome</arg>
<doc>Opens a new browser instance to the optional ``url``.</doc>
<status status="PASS" start="2026-04-27T10:48:24.900804" elapsed="4.088945"/>
</kw>
<kw name="Maximize Browser Window" owner="SeleniumLibrary">
<doc>Maximizes current browser window.</doc>
<status status="PASS" start="2026-04-27T10:48:28.989749" elapsed="0.027381"/>
</kw>
<status status="PASS" start="2026-04-27T10:48:24.900804" elapsed="4.116326"/>
</kw>
<kw name="Enter Username" owner="login_keywords">
<kw name="Input Text" owner="SeleniumLibrary">
<msg time="2026-04-27T10:48:29.018298" level="INFO">Typing text 'invaliduser' into text field 'id=username'.</msg>
<arg>${USERNAME_FIELD}</arg>
<arg>${username}</arg>
<doc>Types the given ``text`` into the text field identified by ``locator``.</doc>
<status status="PASS" start="2026-04-27T10:48:29.018298" elapsed="0.114965"/>
</kw>
<arg>invaliduser</arg>
<status status="PASS" start="2026-04-27T10:48:29.018298" elapsed="0.114965"/>
</kw>
<kw name="Enter Password" owner="login_keywords">
<kw name="Input Text" owner="SeleniumLibrary">
<msg time="2026-04-27T10:48:29.134388" level="INFO">Typing text 'SuperSecretPassword!' into text field 'id=password'.</msg>
<arg>${PASSWORD_FIELD}</arg>
<arg>${password}</arg>
<doc>Types the given ``text`` into the text field identified by ``locator``.</doc>
<status status="PASS" start="2026-04-27T10:48:29.133859" elapsed="0.101373"/>
</kw>
<arg>${PASSWORD}</arg>
<status status="PASS" start="2026-04-27T10:48:29.133859" elapsed="0.101373"/>
</kw>
<kw name="Click Login Button" owner="login_keywords">
<kw name="Click Button" owner="SeleniumLibrary">
<msg time="2026-04-27T10:48:29.236230" level="INFO">Clicking button 'css=button[type="submit"]'.</msg>
<arg>${LOGIN_BUTTON}</arg>
<doc>Clicks the button identified by ``locator``.</doc>
<status status="PASS" start="2026-04-27T10:48:29.236230" elapsed="0.079697"/>
</kw>
<status status="PASS" start="2026-04-27T10:48:29.236230" elapsed="0.079697"/>
</kw>
<kw name="Verify Error Message" owner="login_keywords">
<kw name="Wait Until Element Is Visible" owner="SeleniumLibrary">
<arg>${ERROR_MESSAGE}</arg>
<arg>10s</arg>
<doc>Waits until the element ``locator`` is visible.</doc>
<status status="PASS" start="2026-04-27T10:48:29.316962" elapsed="0.742691"/>
</kw>
<kw name="Element Should Contain" owner="SeleniumLibrary">
<msg time="2026-04-27T10:48:30.098874" level="INFO">Element 'xpath=//div[contains(@class,'flash error')]' contains text 'Your username is invalid!'.</msg>
<arg>${ERROR_MESSAGE}</arg>
<arg>Your username is invalid!</arg>
<doc>Verifies that element ``locator`` contains text ``expected``.</doc>
<status status="PASS" start="2026-04-27T10:48:30.059653" elapsed="0.039221"/>
</kw>
<status status="PASS" start="2026-04-27T10:48:29.316962" elapsed="0.781912"/>
</kw>
<kw name="Close Browser Session" owner="login_keywords">
<kw name="Close All Browsers" owner="SeleniumLibrary">
<doc>Closes all open browsers and resets the browser cache.</doc>
<status status="PASS" start="2026-04-27T10:48:30.099910" elapsed="2.159803"/>
</kw>
<status status="PASS" start="2026-04-27T10:48:30.098874" elapsed="2.160839"/>
</kw>
<status status="PASS" start="2026-04-27T10:48:24.899489" elapsed="7.361236"/>
</test>
<status status="PASS" start="2026-04-27T10:48:02.776896" elapsed="29.484828"/>
</suite>
<statistics>
<total>
<stat pass="4" fail="0" skip="0">All Tests</stat>
</total>
<tag>
</tag>
<suite>
<stat name="Login Test" id="s1" pass="4" fail="0" skip="0">Login Test</stat>
</suite>
</statistics>
<errors>
</errors>
</robot>
