<?xml version="1.0" encoding="UTF-8"?>
<robot generator="Robot 7.4.2 (Python 3.11.9 on win32)" generated="2026-04-28T11:52:46.436900" rpa="false" schemaversion="5">
<suite id="s1" name="Download Test" source="C:\Users\Avinash Aade\Desktop\robot_framework_project\tests\download_test.robot">
<test id="s1-t1" name="Verify Download Text File From Webpage" line="5">
<kw name="Open Download Page" owner="download_keywords">
<kw name="Normalize Path" owner="OperatingSystem">
<msg time="2026-04-28T11:52:46.630932" level="INFO">${download_dir} = C:\Users\Avinash Aade\Desktop\robot_framework_project\downloads</msg>
<var>${download_dir}</var>
<arg>${DOWNLOAD_DIR}</arg>
<doc>Normalizes the given path.</doc>
<status status="PASS" start="2026-04-28T11:52:46.630932" elapsed="0.000000"/>
</kw>
<kw name="Evaluate" owner="BuiltIn">
<msg time="2026-04-28T11:52:46.632931" level="INFO">${options} = &lt;selenium.webdriver.chrome.options.Options object at 0x000001DC1A92C990&gt;</msg>
<var>${options}</var>
<arg>sys.modules['selenium.webdriver'].ChromeOptions()</arg>
<arg>sys, selenium.webdriver</arg>
<doc>Evaluates the given expression in Python and returns the result.</doc>
<status status="PASS" start="2026-04-28T11:52:46.630932" elapsed="0.001999"/>
</kw>
<kw name="Create Dictionary" owner="BuiltIn">
<msg time="2026-04-28T11:52:46.633917" level="INFO">${prefs} = {'download.default_directory': 'C:\\Users\\Avinash Aade\\Desktop\\robot_framework_project\\downloads', 'download.prompt_for_download': False, 'download.directory_upgrade': True, 'safebrowsing.enabled'...</msg>
<var>${prefs}</var>
<arg>download.default_directory=${download_dir}</arg>
<arg>download.prompt_for_download=${False}</arg>
<arg>download.directory_upgrade=${True}</arg>
<arg>safebrowsing.enabled=${True}</arg>
<doc>Creates and returns a dictionary based on the given ``items``.</doc>
<status status="PASS" start="2026-04-28T11:52:46.632931" elapsed="0.000986"/>
</kw>
<kw name="Call Method" owner="BuiltIn">
<arg>${options}</arg>
<arg>add_experimental_option</arg>
<arg>prefs</arg>
<arg>${prefs}</arg>
<doc>Calls the named method of the given object with the provided arguments.</doc>
<status status="PASS" start="2026-04-28T11:52:46.633917" elapsed="0.000000"/>
</kw>
<kw name="Create Webdriver" owner="SeleniumLibrary">
<msg time="2026-04-28T11:52:46.639645" level="INFO">Creating an instance of the Chrome WebDriver.</msg>
<arg>Chrome</arg>
<arg>options=${options}</arg>
<doc>Creates an instance of Selenium WebDriver.</doc>
<status status="PASS" start="2026-04-28T11:52:46.633917" elapsed="1.139579"/>
</kw>
<kw name="Go To" owner="SeleniumLibrary">
<msg time="2026-04-28T11:52:47.773496" level="INFO">Opening url 'https://testautomationpractice.blogspot.com/'</msg>
<arg>https://testautomationpractice.blogspot.com/</arg>
<doc>Navigates the current browser window to the provided ``url``.</doc>
<status status="PASS" start="2026-04-28T11:52:47.773496" elapsed="3.483240"/>
</kw>
<kw name="Maximize Browser Window" owner="SeleniumLibrary">
<doc>Maximizes current browser window.</doc>
<status status="PASS" start="2026-04-28T11:52:51.256736" elapsed="0.023541"/>
</kw>
<status status="PASS" start="2026-04-28T11:52:46.629916" elapsed="4.650361"/>
</kw>
<kw name="Scroll To Footer" owner="download_keywords">
<kw name="Execute Javascript" owner="SeleniumLibrary">
<msg time="2026-04-28T11:52:51.282274" level="INFO">Executing JavaScript:
window.scrollTo(0, document.body.scrollHeight)
Without any arguments.</msg>
<arg>window.scrollTo(0, document.body.scrollHeight)</arg>
<doc>Executes the given JavaScript code with possible arguments.</doc>
<status status="PASS" start="2026-04-28T11:52:51.281275" elapsed="0.005999"/>
</kw>
<kw name="Click Element" owner="SeleniumLibrary">
<msg time="2026-04-28T11:52:51.288779" level="INFO">Clicking element 'xpath=//a[@href= 'https://testautomationpractice.blogspot.com/p/download-files_25.html']'.</msg>
<arg>${Link}</arg>
<doc>Click the element identified by ``locator``.</doc>
<status status="PASS" start="2026-04-28T11:52:51.288779" elapsed="3.742502"/>
</kw>
<kw name="Wait Until Element Is Visible" owner="SeleniumLibrary">
<arg>${TEXT_AREA}</arg>
<arg>10s</arg>
<doc>Waits until the element ``locator`` is visible.</doc>
<status status="PASS" start="2026-04-28T11:52:55.031281" elapsed="0.030784"/>
</kw>
<status status="PASS" start="2026-04-28T11:52:51.281275" elapsed="3.780790"/>
</kw>
<kw name="Enter Message" owner="download_keywords">
<kw name="Input Text" owner="SeleniumLibrary">
<msg time="2026-04-28T11:52:55.063056" level="INFO">Typing text 'Test Message' into text field 'xpath=//textarea[@id='inputText']'.</msg>
<arg>${TEXT_AREA}</arg>
<arg>${msg}</arg>
<doc>Types the given ``text`` into the text field identified by ``locator``.</doc>
<status status="PASS" start="2026-04-28T11:52:55.063056" elapsed="0.093915"/>
</kw>
<arg>Test Message</arg>
<status status="PASS" start="2026-04-28T11:52:55.063056" elapsed="0.093915"/>
</kw>
<kw name="Click Generate File" owner="download_keywords">
<kw name="Click Element" owner="SeleniumLibrary">
<msg time="2026-04-28T11:52:55.160501" level="INFO">Clicking element 'xpath=//button[@id= 'generateTxt']'.</msg>
<arg>${dOWNLOAD_BUTTON}</arg>
<doc>Click the element identified by ``locator``.</doc>
<status status="PASS" start="2026-04-28T11:52:55.160501" elapsed="0.050854"/>
</kw>
<status status="PASS" start="2026-04-28T11:52:55.158426" elapsed="0.054091"/>
</kw>
<kw name="Click Download File" owner="download_keywords">
<kw name="Wait Until Element Is Visible" owner="SeleniumLibrary">
<arg>${DOWNLOAD_LINK}</arg>
<arg>10s</arg>
<doc>Waits until the element ``locator`` is visible.</doc>
<status status="PASS" start="2026-04-28T11:52:55.213531" elapsed="0.017295"/>
</kw>
<kw name="Click Element" owner="SeleniumLibrary">
<msg time="2026-04-28T11:52:55.231808" level="INFO">Clicking element 'xpath=//a[@id= 'txtDownloadLink']'.</msg>
<arg>${DOWNLOAD_LINK}</arg>
<doc>Click the element identified by ``locator``.</doc>
<status status="PASS" start="2026-04-28T11:52:55.230826" elapsed="0.057813"/>
</kw>
<status status="PASS" start="2026-04-28T11:52:55.212517" elapsed="0.076122"/>
</kw>
<kw name="Verify File Downloaded" owner="download_keywords">
<kw name="Wait Until Keyword Succeeds" owner="BuiltIn">
<kw name="File Should Exist" owner="OperatingSystem">
<msg time="2026-04-28T11:52:55.290061" level="INFO" html="true">File '&lt;a href="file://C:\Users\Avinash Aade\Desktop\robot_framework_project\downloads\info.txt"&gt;C:\Users\Avinash Aade\Desktop\robot_framework_project\downloads\info.txt&lt;/a&gt;' exists.</msg>
<arg>${DOWNLOAD_PATH}</arg>
<doc>Fails unless the given ``path`` points to an existing file.</doc>
<status status="PASS" start="2026-04-28T11:52:55.290061" elapsed="0.001010"/>
</kw>
<arg>15s</arg>
<arg>2s</arg>
<arg>File Should Exist</arg>
<arg>${DOWNLOAD_PATH}</arg>
<doc>Runs the specified keyword and retries if it fails.</doc>
<status status="PASS" start="2026-04-28T11:52:55.288639" elapsed="0.002432"/>
</kw>
<status status="PASS" start="2026-04-28T11:52:55.288639" elapsed="0.002432"/>
</kw>
<kw name="Close Browser Session" owner="download_keywords">
<kw name="Close All Browsers" owner="SeleniumLibrary">
<doc>Closes all open browsers and resets the browser cache.</doc>
<status status="PASS" start="2026-04-28T11:52:55.292070" elapsed="2.168098"/>
</kw>
<status status="PASS" start="2026-04-28T11:52:55.291071" elapsed="2.169097"/>
</kw>
<status status="PASS" start="2026-04-28T11:52:46.628835" elapsed="10.832364"/>
</test>
<status status="PASS" start="2026-04-28T11:52:46.438957" elapsed="11.024230"/>
</suite>
<statistics>
<total>
<stat pass="1" fail="0" skip="0">All Tests</stat>
</total>
<tag>
</tag>
<suite>
<stat name="Download Test" id="s1" pass="1" fail="0" skip="0">Download Test</stat>
</suite>
</statistics>
<errors>
</errors>
</robot>
