<?xml version="1.0" encoding="UTF-8"?>
<robot generator="Robot 7.4.2 (Python 3.11.9 on win32)" generated="2026-04-27T10:22:17.648931" rpa="false" schemaversion="5">
<suite id="s1" name="Robot Framework Project" source="C:\Users\Avinash Aade\Desktop\robot_framework_project">
<suite id="s1-s1" name="Tests" source="C:\Users\Avinash Aade\Desktop\robot_framework_project\tests">
<suite id="s1-s1-s1" name="Login Test" source="C:\Users\Avinash Aade\Desktop\robot_framework_project\tests\login_test.robot">
<test id="s1-s1-s1-t1" name="Valid Login Test" line="6">
<kw name="Open Login Page" owner="login_keywords">
<kw name="Open Browser" owner="SeleniumLibrary">
<msg time="2026-04-27T10:22:17.847957" level="INFO">Opening browser 'chrome' to base url 'https://the-internet.herokuapp.com/login'.</msg>
<arg>https://the-internet.herokuapp.com/login</arg>
<arg>chrome</arg>
<doc>Opens a new browser instance to the optional ``url``.</doc>
<status status="PASS" start="2026-04-27T10:22:17.847957" elapsed="4.050364"/>
</kw>
<kw name="Maximize Browser Window" owner="SeleniumLibrary">
<doc>Maximizes current browser window.</doc>
<status status="PASS" start="2026-04-27T10:22:21.899333" elapsed="0.024544"/>
</kw>
<status status="PASS" start="2026-04-27T10:22:17.846938" elapsed="4.077958"/>
</kw>
<kw name="Enter Username" owner="login_keywords">
<kw name="Input Text" owner="SeleniumLibrary">
<msg time="2026-04-27T10:22:21.927373" level="INFO">Typing text 'tomsmith' into text field 'id=username'.</msg>
<arg>${USERNAME_FIELD}</arg>
<arg>${username}</arg>
<doc>Types the given ``text`` into the text field identified by ``locator``.</doc>
<status status="PASS" start="2026-04-27T10:22:21.925904" elapsed="0.148543"/>
</kw>
<arg>${USERNAME}</arg>
<status status="PASS" start="2026-04-27T10:22:21.925904" elapsed="0.149538"/>
</kw>
<kw name="Enter Password" owner="login_keywords">
<kw name="Input Text" owner="SeleniumLibrary">
<msg time="2026-04-27T10:22:22.078009" level="INFO">Typing text 'SuperSecretPassword!' into text field 'id=password'.</msg>
<arg>${PASSWORD_FIELD}</arg>
<arg>${password}</arg>
<doc>Types the given ``text`` into the text field identified by ``locator``.</doc>
<status status="PASS" start="2026-04-27T10:22:22.077002" elapsed="0.130246"/>
</kw>
<arg>${PASSWORD}</arg>
<status status="PASS" start="2026-04-27T10:22:22.075442" elapsed="0.131806"/>
</kw>
<kw name="Click Login Button" owner="login_keywords">
<kw name="Click Button" owner="SeleniumLibrary">
<msg time="2026-04-27T10:22:22.211278" level="INFO">Clicking button 'css=button[type="submit"]'.</msg>
<arg>${LOGIN_BUTTON}</arg>
<doc>Clicks the button identified by ``locator``.</doc>
<status status="PASS" start="2026-04-27T10:22:22.210275" elapsed="0.140043"/>
</kw>
<status status="PASS" start="2026-04-27T10:22:22.208266" elapsed="0.143562"/>
</kw>
<kw name="Verify Login Success" owner="login_keywords">
<kw name="Wait Until Element Is Visible" owner="SeleniumLibrary">
<arg>${SUCCESS_MESSAGE}</arg>
<arg>10s</arg>
<doc>Waits until the element ``locator`` is visible.</doc>
<status status="PASS" start="2026-04-27T10:22:22.353893" elapsed="0.530191"/>
</kw>
<kw name="Element Should Contain" owner="SeleniumLibrary">
<msg time="2026-04-27T10:22:22.912841" level="INFO">Element 'xpath=//div[contains(@class,'success')]' contains text 'You logged into a secure area!'.</msg>
<arg>${SUCCESS_MESSAGE}</arg>
<arg>You logged into a secure area!</arg>
<doc>Verifies that element ``locator`` contains text ``expected``.</doc>
<status status="PASS" start="2026-04-27T10:22:22.884084" elapsed="0.028757"/>
</kw>
<status status="PASS" start="2026-04-27T10:22:22.352845" elapsed="0.561002"/>
</kw>
<kw name="Close Browser Session" owner="login_keywords">
<kw name="Close All Browsers" owner="SeleniumLibrary">
<doc>Closes all open browsers and resets the browser cache.</doc>
<status status="PASS" start="2026-04-27T10:22:22.914737" elapsed="2.138991"/>
</kw>
<status status="PASS" start="2026-04-27T10:22:22.914737" elapsed="2.139989"/>
</kw>
<status status="PASS" start="2026-04-27T10:22:17.842076" elapsed="7.213656"/>
</test>
<status status="PASS" start="2026-04-27T10:22:17.701236" elapsed="7.362637"/>
</suite>
<status status="PASS" start="2026-04-27T10:22:17.693785" elapsed="7.375654"/>
</suite>
<status status="PASS" start="2026-04-27T10:22:17.655115" elapsed="7.423922"/>
</suite>
<statistics>
<total>
<stat pass="1" fail="0" skip="0">All Tests</stat>
</total>
<tag>
</tag>
<suite>
<stat name="Robot Framework Project" id="s1" pass="1" fail="0" skip="0">Robot Framework Project</stat>
<stat name="Tests" id="s1-s1" pass="1" fail="0" skip="0">Robot Framework Project.Tests</stat>
<stat name="Login Test" id="s1-s1-s1" pass="1" fail="0" skip="0">Robot Framework Project.Tests.Login Test</stat>
</suite>
</statistics>
<errors>
</errors>
</robot>
